2025-01-21 17:20:23,154 INFO o.a.j.u.JMeterUtils: Setting Locale to en_US
2025-01-21 17:20:23,169 INFO o.a.j.JMeter: Loading user properties from: user.properties
2025-01-21 17:20:23,169 INFO o.a.j.JMeter: Loading system properties from: system.properties
2025-01-21 17:20:23,185 INFO o.a.j.JMeter: Copyright (c) 1998-2024 The Apache Software Foundation
2025-01-21 17:20:23,185 INFO o.a.j.JMeter: Version 5.6.3
2025-01-21 17:20:23,185 INFO o.a.j.JMeter: java.version=17.0.7
2025-01-21 17:20:23,185 INFO o.a.j.JMeter: java.vm.name=Java HotSpot(TM) 64-Bit Server VM
2025-01-21 17:20:23,185 INFO o.a.j.JMeter: os.name=Windows 11
2025-01-21 17:20:23,185 INFO o.a.j.JMeter: os.arch=amd64
2025-01-21 17:20:23,185 INFO o.a.j.JMeter: os.version=10.0
2025-01-21 17:20:23,185 INFO o.a.j.JMeter: file.encoding=Cp1252
2025-01-21 17:20:23,185 INFO o.a.j.JMeter: java.awt.headless=null
2025-01-21 17:20:23,185 INFO o.a.j.JMeter: Max memory     =2086666240
2025-01-21 17:20:23,185 INFO o.a.j.JMeter: Available Processors =8
2025-01-21 17:20:23,201 INFO o.a.j.JMeter: Default Locale=English (United States)
2025-01-21 17:20:23,201 INFO o.a.j.JMeter: JMeter  Locale=English (United States)
2025-01-21 17:20:23,201 INFO o.a.j.JMeter: JMeterHome=C:\Users\sofiane\apache-jmeter-5.6.3\apache-jmeter-5.6.3
2025-01-21 17:20:23,201 INFO o.a.j.JMeter: user.dir  =C:\Users\sofiane\apache-jmeter-5.6.3\apache-jmeter-5.6.3\bin
2025-01-21 17:20:23,201 INFO o.a.j.JMeter: PWD       =C:\Users\sofiane\apache-jmeter-5.6.3\apache-jmeter-5.6.3\bin
2025-01-21 17:20:23,861 INFO o.a.j.JMeter: IP: 192.168.0.16 Name: SOFIANE FullName: 192.168.0.16
2025-01-21 17:20:23,881 INFO o.a.j.JMeter: Loaded icon properties from org/apache/jmeter/images/icon.properties
2025-01-21 17:20:24,099 INFO o.a.j.JMeterGuiLauncher: Setting LAF to: com.github.weisj.darklaf.DarkLaf:com.github.weisj.darklaf.theme.DarculaTheme
2025-01-21 17:20:33,636 INFO o.a.j.s.FileServer: Default base='C:\Users\sofiane\apache-jmeter-5.6.3\apache-jmeter-5.6.3\bin'
2025-01-21 17:20:33,636 INFO o.a.j.g.a.Load: Loading file: C:\Users\sofiane\apache-jmeter-5.6.3\apache-jmeter-5.6.3\bin\project\opencart.jmx
2025-01-21 17:20:33,636 INFO o.a.j.s.FileServer: Set new base='C:\Users\sofiane\apache-jmeter-5.6.3\apache-jmeter-5.6.3\bin\project'
2025-01-21 17:20:33,852 INFO o.a.j.s.SaveService: Testplan (JMX) version: 2.2. Testlog (JTL) version: 2.2
2025-01-21 17:20:33,874 INFO o.a.j.s.SaveService: Using SaveService properties version 5.0
2025-01-21 17:20:33,874 INFO o.a.j.s.SaveService: Using SaveService properties file encoding UTF-8
2025-01-21 17:20:33,890 INFO o.a.j.s.SaveService: Loading file: C:\Users\sofiane\apache-jmeter-5.6.3\apache-jmeter-5.6.3\bin\project\opencart.jmx
2025-01-21 17:20:33,906 INFO o.a.j.p.h.c.CookieManager: Settings: Delete null: true Check: true Allow variable: true Save: false Prefix: COOKIE_
2025-01-21 17:20:33,922 INFO o.a.j.p.h.s.HTTPSamplerBase: Parser for text/html is org.apache.jmeter.protocol.http.parser.LagartoBasedHtmlParser
2025-01-21 17:20:33,922 INFO o.a.j.p.h.s.HTTPSamplerBase: Parser for application/xhtml+xml is org.apache.jmeter.protocol.http.parser.LagartoBasedHtmlParser
2025-01-21 17:20:33,922 INFO o.a.j.p.h.s.HTTPSamplerBase: Parser for application/xml is org.apache.jmeter.protocol.http.parser.LagartoBasedHtmlParser
2025-01-21 17:20:33,922 INFO o.a.j.p.h.s.HTTPSamplerBase: Parser for text/xml is org.apache.jmeter.protocol.http.parser.LagartoBasedHtmlParser
2025-01-21 17:20:33,922 INFO o.a.j.p.h.s.HTTPSamplerBase: Parser for text/vnd.wap.wml is org.apache.jmeter.protocol.http.parser.RegexpHTMLParser
2025-01-21 17:20:33,922 INFO o.a.j.p.h.s.HTTPSamplerBase: Parser for text/css is org.apache.jmeter.protocol.http.parser.CssParser
2025-01-21 17:20:34,396 INFO o.a.j.s.SampleResult: Note: Sample TimeStamps are START times
2025-01-21 17:20:34,396 INFO o.a.j.s.SampleResult: sampleresult.default.encoding is set to UTF-8
2025-01-21 17:20:34,396 INFO o.a.j.s.SampleResult: sampleresult.useNanoTime=true
2025-01-21 17:20:34,396 INFO o.a.j.s.SampleResult: sampleresult.nanoThreadSleep=5000
2025-01-21 17:20:34,630 INFO o.a.j.s.FileServer: Set new base='C:\Users\sofiane\apache-jmeter-5.6.3\apache-jmeter-5.6.3\bin\project'
2025-01-21 17:20:39,216 INFO o.a.j.e.StandardJMeterEngine: Running the test!
2025-01-21 17:20:39,216 INFO o.a.j.s.SampleEvent: List of sample_variables: []
2025-01-21 17:20:39,216 INFO o.a.j.s.SampleEvent: List of sample_variables: []
2025-01-21 17:20:39,216 INFO o.a.j.e.u.CompoundVariable: Note: Function class names must contain the string: '.functions.'
2025-01-21 17:20:39,216 INFO o.a.j.e.u.CompoundVariable: Note: Function class names must not contain the string: '.gui.'
2025-01-21 17:20:39,303 INFO o.a.j.g.u.JMeterMenuBar: setRunning(true, *local*)
2025-01-21 17:20:39,340 INFO o.a.j.e.StandardJMeterEngine: Starting ThreadGroup: 1 : Thread Group
2025-01-21 17:20:39,340 INFO o.a.j.e.StandardJMeterEngine: Starting 1 threads for group Thread Group.
2025-01-21 17:20:39,340 INFO o.a.j.e.StandardJMeterEngine: Thread will continue on error
2025-01-21 17:20:39,340 INFO o.a.j.t.ThreadGroup: Starting thread group... number=1 threads=1 ramp-up=3 delayedStart=false
2025-01-21 17:20:39,340 INFO o.a.j.t.ThreadGroup: Started thread group number 1
2025-01-21 17:20:39,340 INFO o.a.j.e.StandardJMeterEngine: All thread groups have been started
2025-01-21 17:20:39,349 INFO o.a.j.t.JMeterThread: Thread started: Thread Group 1-1
2025-01-21 17:20:39,367 INFO o.a.j.p.h.s.HTTPHCAbstractImpl: Local host = SOFIANE
2025-01-21 17:20:39,375 INFO o.a.j.p.h.s.HTTPHC4Impl: HTTP request retry count = 0
2025-01-21 17:20:40,125 INFO o.a.j.p.h.s.h.LazyLayeredConnectionSocketFactory: Setting up HTTPS TrustAll Socket Factory
2025-01-21 17:20:40,125 INFO o.a.j.u.JsseSSLManager: Using default SSL protocol: TLS
2025-01-21 17:20:40,125 INFO o.a.j.u.JsseSSLManager: SSL session context: per-thread
2025-01-21 17:20:40,476 INFO o.a.j.u.SSLManager: JmeterKeyStore Location:  type JKS
2025-01-21 17:20:40,481 INFO o.a.j.u.SSLManager: KeyStore created OK
2025-01-21 17:20:40,481 WARN o.a.j.u.SSLManager: Keystore file not found, loading empty keystore
2025-01-21 17:20:42,910 INFO o.a.j.t.JMeterThread: Thread is done: Thread Group 1-1
2025-01-21 17:20:42,910 INFO o.a.j.t.JMeterThread: Thread finished: Thread Group 1-1
2025-01-21 17:20:42,926 INFO o.a.j.e.StandardJMeterEngine: Notifying test listeners of end of test
2025-01-21 17:20:42,926 INFO o.a.j.g.u.JMeterMenuBar: setRunning(false, *local*)
2025-01-21 17:21:28,390 INFO o.a.j.e.StandardJMeterEngine: Running the test!
2025-01-21 17:21:28,390 INFO o.a.j.s.SampleEvent: List of sample_variables: []
2025-01-21 17:21:28,390 INFO o.a.j.g.u.JMeterMenuBar: setRunning(true, *local*)
2025-01-21 17:21:28,429 INFO o.a.j.e.StandardJMeterEngine: Starting ThreadGroup: 1 : Thread Group
2025-01-21 17:21:28,429 INFO o.a.j.e.StandardJMeterEngine: Starting 1 threads for group Thread Group.
2025-01-21 17:21:28,429 INFO o.a.j.e.StandardJMeterEngine: Thread will continue on error
2025-01-21 17:21:28,429 INFO o.a.j.t.ThreadGroup: Starting thread group... number=1 threads=1 ramp-up=3 delayedStart=false
2025-01-21 17:21:28,429 INFO o.a.j.t.ThreadGroup: Started thread group number 1
2025-01-21 17:21:28,429 INFO o.a.j.e.StandardJMeterEngine: All thread groups have been started
2025-01-21 17:21:28,429 INFO o.a.j.t.JMeterThread: Thread started: Thread Group 1-1
2025-01-21 17:21:31,525 INFO o.a.j.t.JMeterThread: Thread is done: Thread Group 1-1
2025-01-21 17:21:31,525 INFO o.a.j.t.JMeterThread: Thread finished: Thread Group 1-1
2025-01-21 17:21:31,525 INFO o.a.j.e.StandardJMeterEngine: Notifying test listeners of end of test
2025-01-21 17:21:31,525 INFO o.a.j.g.u.JMeterMenuBar: setRunning(false, *local*)
2025-01-21 17:29:57,202 INFO o.a.j.e.StandardJMeterEngine: Running the test!
2025-01-21 17:29:57,209 INFO o.a.j.s.SampleEvent: List of sample_variables: []
2025-01-21 17:29:57,209 INFO o.a.j.g.u.JMeterMenuBar: setRunning(true, *local*)
2025-01-21 17:29:57,241 INFO o.a.j.e.StandardJMeterEngine: Starting ThreadGroup: 1 : Thread Group
2025-01-21 17:29:57,241 INFO o.a.j.e.StandardJMeterEngine: Starting 1 threads for group Thread Group.
2025-01-21 17:29:57,241 INFO o.a.j.e.StandardJMeterEngine: Thread will continue on error
2025-01-21 17:29:57,241 INFO o.a.j.t.ThreadGroup: Starting thread group... number=1 threads=1 ramp-up=3 delayedStart=false
2025-01-21 17:29:57,241 INFO o.a.j.t.ThreadGroup: Started thread group number 1
2025-01-21 17:29:57,241 INFO o.a.j.e.StandardJMeterEngine: All thread groups have been started
2025-01-21 17:29:57,241 INFO o.a.j.t.JMeterThread: Thread started: Thread Group 1-1
2025-01-21 17:29:59,770 INFO o.a.j.t.JMeterThread: Thread is done: Thread Group 1-1
2025-01-21 17:29:59,770 INFO o.a.j.t.JMeterThread: Thread finished: Thread Group 1-1
2025-01-21 17:29:59,770 INFO o.a.j.e.StandardJMeterEngine: Notifying test listeners of end of test
2025-01-21 17:29:59,770 INFO o.a.j.g.u.JMeterMenuBar: setRunning(false, *local*)
